[    .000] Iniaizincgup ssycpuset
   00000 Initializing cgroup subsyscp
[  000000] Itialiin crop suyscpac
    .000] Linu vsin 4.4.10-genic(buildd@y0amd600 (gcc veion 5..0010609 (Uun 5.4-6untu~1.05) )#126buntu SMP Mo Dec 4163:28 UTC 2017 Ubun 4.0-103.1-genic.4.98)[   .0000]omnd le:OOT_IMAGEbot/vmnu4.4.0-03ener rt=LABE=cudimg-rofsro conletty csoe=ttyS0[   0000] KERNELsuppotecps:
[   .00000  tel GeinInte
[   .0000  AMD utnticMD
[    0.00000]   Centau Cenuruls   0.000000]x86/fpu:stte_ose2]:  76xsate_ze2]:  2
    0000] x86/fu:Suppti XSAVE featur 0x0 '7 floainpoinresters
   000000] x86/fpu: ppting XVEfeate 02: 'SSE registers'[    0.000000] x86/fpu: Suporting XSAE featur 004: AVregier
[   .0000] x/fu: Enabled xstate ates 0x7 ctet sizes 32 bte, uing stndrdfoat.   0.000 x86/f: sing az' U ntext ites.
[  00000e820BI-prodephysalAM mp:[   .0000]IOe820[m 0x000000000000x0000000009fff uble   0.000000]BIOS-e820: [mem 0000000009fc00-0x00000000009ff resve
[    0.000] BIOe8: [m 00000000f000-x0000000fff] rerd
[   0.0000] OSe820 [m x000001000-0x00000ffeffff] usable   0.000 BIOS-20 [me0x0000003fff00-0x00003fffffff] ACPI ta
[   0.0000]IOe820: [memx00000000fec00000-0x00000fec0f] reseve
[   .0000]IO-e820:[m 0x0000000ee0000-0x000000fee00ff rserved
[   0.00] BI-e0: [mem 0x0000000fffc0000-0x000000ffffff rservd    .000000] NX (Exut Disleprotecti: acve
[    0.0000] BI 2.5reen.
[  00000] pevisodeected:VM
[    0.0000] e820: lat_pfn = 3fffmaarchpf =x4000000
[    000000] MTR Dsabled
[   0.0000 x86/PAT: RRs disabled, skpi PAT initiliation too.
[  0.00000] CU RR allla - vtuized system.
[    0.00000] x8PA  Coigration [0-]: WB  WT  U- UCWBWT  UC- UC
[   .0000]ou SMP MP-table at [m 0009f0-x0009fffmaped atfff88000ff][    00000] anng 1 are fr w mory corruion   0.000000]AMDISK: [m  x36ade00-037566f]
[  0000] PI: Early ble ecum verificion saed
[   00000] CP: SD 0x0000000E0000 00004 (v VOX  )[  0.0000] CPI:SD0x00003FFF030 0003C 01BOX VBXSDT 000000 ASL  00061)
[    000000]AC: FACPx000003F00F0004 (v04 VX  VBOXFACP 00000001 ASL  00000061)[  0.000 ACPI: DDT0x000000003FFF0470 0021FF (v02 VBOX   VBOXBIOS 0000000 IL 010058)
[  0.00000] ACPIFAS 0x00003F02 0000[   0.000] APIFACS 0x0000003FF200000
    0.00000 API APIC 00000000FF240 00 (v02 OX  VBOXAPIC 00000001 ASL  000061
     000000] PISSDT 0000003FFF0A0001CC (v VOX   VBOPUT 000002INTL20058)
  0.0000 NNUMAonguratin un
[    0.00000] ki a node at [mem 00000000000000-0x00000003ffeffff]
[   .000000 NDEDAA(0)llatedme0x3ffe000x3ffeff]
[    0.0000]vmlockUsg ms 464d01 and 564d
   0.000 kvmclk:cpu 0,sr 0:3e31, primary cu lock[   0.00] kvm-oc: using ch offsetf 990979cycl
   0.000000] cocksoue:kvm-oc: mask0xfffffffffffff maxyces: 0xd4e4dffb m_ilens8859059148ns
[   .0000]onranges
  0.000000] DMA   [mm 0x0000000000000x000000fffff
[   0.000]   DMA32   [mem 00000000100000-0x00003ffff]
[   00000  ormal  ety
[  000000]  evce  mp
[    0.00000] vae zone sarfor chode   0.000] Earl mor nodeans
[  00000  ode   0: [m 0x0000000010000x0000009efff]
[   .00000  ode   0:me 0x0000000001000-0x00000ffeff]
[  0.0000] Initm setu ne  [me 000000000100-0x00000feff]
[    .00000] AC: PM-Tim IO rt0x408    0.000]IOAPIC[0]: apiid, version 32, address 0xfec00000 GSI 0-23[    0.00000] CP IT_SRC_OVR (bus 0usrq 0lol_irq df dfl)[    00000 ACPI:NTSRC_OV (s 0 bus_ir9 globl_q 9 low levl)
[    0.000000] Usi API (AD fr SMP conigatioinrmaton[   .0000] sbot: Aowg 2 PU 0hotpg Us
[    0.00000 P Regisre nsa mory: [mem 0x00000-00000f]
[  000000 P Rgisteredosav memory: [mem 00f000-0x0009ffff][   0.00] PM: Registered nav memy:[mem 0000000x0effff]
[  0.0000]PM: egteedose memory: em 000000-0x00fff][   0.00000] e20: emx40000000-febffff] aiable for PCI dic
[    0.000000] Bootig rairtulid ernel on KM
[   .00000] clckource: refined-jifes mk:xfffffmax_cl: 0xffff, maidle_ns: 7645519600211568 ns
[    0.000000] supercpu: NR_CPUS512 nr_cpumask_bits:512 nr_cpu_ids:2nr_node_s:
[   00000] PRC: mbde33 pescp @ffff80fc00009800 r8192286 u10476
[  0.0000PVqspiochash table entri: 6 (order: 0, 4096 te
[  00000 Blt 1 zelstinode orr,mobiitgruping on. otalag: 257913
[   .000000] Pli zne DMA
   0.000000]erel command line: BOOT_AGE=oovmliuz4.0-10geric otABELloimg-ot ro onletty1onle=tS0
[  0000000] PIDas table enri: 096 (ordr:, 328 yts)
  0.000000] Memor: 1001784K/1048120K available (8485K kernel code, 1295K rwat, 3988K rda, 492 it,1316bs 46336reerved, K a-reserve)[    0000] SL: Walin=, rdr=3,MinObjets, CPUs=2Node1[  0.0000Hiarchical RCUimplemtaion.
[   0.000000]Buld-te justment of leafant to 6
    0000] 	RCU restrictg Us froNRPUS=51tonr_cu_s=.
[  00000 R: Adstg geomtrfo rcu_fanout_eaf=, _cpu_ids=2
[    0.000000] NIRQS:33024 nr_irqs:0 6
[   00000] Conle couVGA+ 80x25
[   00000] nse [ty1enbled
   0.000000] conlettyS0]naed
[    0.000000] tsc: Detected 2693.764 MHz processor
[   30.908762] Calibrating delay loop (skipped) preset value.. 5387.52 BogoMIPS (lpj=10775056)
[   31.131442] pid_max: default: 32768 minimum: 301
[   31.248114] ACPI: Core revision 20150930
[   31.339616] ACPI: 2 ACPI AML tables successfully acquired and loaded
[   31.507766] Security Framework initialized
[   31.618213] Yama: becoming mindful.
[   31.696587] AppArmor: AppArmor initialized
[   31.804628] Dentry cache hash table entries: 131072 (order: 8, 1048576 bytes)
[   31.996626] Inode-cache hash table entries: 65536 (order: 7, 524288 bytes)
[   32.172819] Mount-cache hash table entries: 2048 (order: 2, 16384 bytes)
[   32.343407] Mountpoint-cache hash table entries: 2048 (order: 2, 16384 bytes)
[   32.537883] Initializing cgroup subsys io
[   32.651380] Initializing cgroup subsys memory
[   32.756289] Initializing cgroup subsys devices
[   32.868941] Initializing cgroup subsys freezer
[   32.981255] Initializing cgroup subsys net_cls
[   33.096495] Initializing cgroup subsys perf_event
[   33.215224] Initializing cgroup subsys net_prio
[   33.328603] Initializing cgroup subsys hugetlb
[   33.423886] Initializing cgroup subsys pids
[   33.523308] CPU: Physical Processor ID: 0
[   33.629523] CPU: Processor Core ID: 0
[   33.730443] mce: CPU supports 0 MCE banks
[   33.823512] Last level iTLB entries: 4KB 1024, 2MB 1024, 4MB 1024
[   33.980074] Last level dTLB entries: 4KB 1024, 2MB 1024, 4MB 1024, 1GB 4
[   34.169362] Freeing SMP alternatives memory: 32K
[   34.287425] ftrace: allocating 32158 entries in 126 pages
[   34.464602] smpboot: APIC(0) Converting physical 0 to logical package 0
[   34.635268] smpboot: Max logical packages: 1
[   34.761227] x2apic enabled
[   34.838180] Switched APIC routing to physical x2apic.
[   34.968527] ..TIMER: vector=0x30 apic1=0 pin1=2 apic2=-1 pin2=-1
[   35.246999] smpboot: CPU0: Intel(R) Core(TM) i5-4570R CPU @ 2.70GHz (family: 0x6, model: 0x46, stepping: 0x1)
[   35.513939] Performance Events: unsupported p6 CPU model 70 no PMU driver, software events only.
[   35.727577] KVM setup paravirtual spinlock
[   35.833725] x86: Booting SMP configuration:
[   35.963430] .... node  #0, CPUs:      #1
[   36.060273] kvm-clock: cpu 1, msr 0:3ffe3041, secondary cpu clock
[   36.263025] mce: CPU supports 0 MCE banks
[   36.395804] x86: Booted up 1 node, 2 CPUs
[   36.519746] smpboot: Total of 2 processors activated (10775.05 BogoMIPS)
[   36.695871] devtmpfs: initialized
[   36.773473] evm: security.selinux
[   36.866779] evm: security.SMACK64
[   36.965609] evm: security.SMACK64EXEC
[   37.074592] evm: security.SMACK64TRANSMUTE
[   37.200710] evm: security.SMACK64MMAP
[   37.307326] evm: security.ima
[   37.388742] evm: security.capability
[   37.484433] clocksource: jiffies: mask: 0xffffffff max_cycles: 0xffffffff, max_idle_ns: 7645041785100000 ns
[   37.739821] futex hash table entries: 512 (order: 3, 32768 bytes)
[   37.870908] pinctrl core: initialized pinctrl subsystem
[   38.021381] RTC time: 11:13:09, date: 12/21/17
[   38.164137] NET: Registered protocol family 16
[   38.285322] cpuidle: using governor ladder
[   38.421868] cpuidle: using governor menu
[   38.528974] PCCT header not found.
[   38.629588] ACPI: bus type PCI registered
[   38.748847] acpiphp: ACPI Hot Plug PCI Controller Driver version: 0.5
[   38.890292] PCI: Using configuration type 1 for base access
[   39.058727] ACPI: Added _OSI(Module Device)
[   39.179088] ACPI: Added _OSI(Processor Device)
[   39.313445] ACPI: Added _OSI(3.0 _SCP Extensions)
[   39.439634] ACPI: Added _OSI(Processor Aggregator Device)
[   39.591465] ACPI: Executed 1 blocks of module-level executable AML code
[   39.779071] ACPI: Interpreter enabled
[   39.876687] ACPI: (supports S0 S5)
[   39.947324] ACPI: Using IOAPIC for interrupt routing
[   40.069334] PCI: Using host bridge windows from ACPI; if necessary, use "pci=nocrs" and report a bug
[   40.294990] ACPI: PCI Root Bridge [PCI0] (domain 0000 [bus 00-ff])
[   40.473426] acpi PNP0A03:00: _OSC: OS supports [ASPM ClockPM Segments MSI]
[   40.636267] acpi PNP0A03:00: _OSC: not requesting OS control; OS requires [ExtendedConfig ASPM ClockPM MSI]
[   40.892956] acpi PNP0A03:00: fail to add MMCONFIG information, can't access extended PCI configuration space under this bridge.
[   41.212133] PCI host bridge to bus 0000:00
[   41.325456] pci_bus 0000:00: root bus resource [io  0x0000-0x0cf7 window]
[   41.505311] pci_bus 0000:00: root bus resource [io  0x0d00-0xffff window]
[   41.704888] pci_bus 0000:00: root bus resource [mem 0x000a0000-0x000bffff window]
[   41.900747] pci_bus 0000:00: root bus resource [mem 0x40000000-0xfdffffff window]
[   42.120467] pci_bus 0000:00: root bus resource [bus 00-ff]
[   42.2316422 pci 0000:00:01.1: legacy IDE quirk: reg 0x10: [io  0x01f0-0x01f7]
[   42.433681] pci 0000:00:01.1: legacy IDE quirk: reg 0x14: [io  0x03f6]
[   42.617027] pci 0000:00:01.1: legacy IDE quirk: reg 0x18: [io  0x0170-0x0177]
[   42.800047] pci 0000:00:01.11 legacy IDE quirk: reg 0x1c: [io  0x0376]
[   42.944191] pci 0000:00:07.0: quirk: [io  0x4000-0x403f] claimed by PIIX4 ACPI
[   43.145051] pci 0000:00:07.0: quirk: [io  0x4100-0x410f] claimed by PIIX4 SMB
[   43.337239] ACPI: PCI Interrupt Link [LNKA] (IRQs 5 9 10 *11)
[   43.502758] ACPI: PCI Interrupt Link [LNKB] (IRQs 5 9 *10 11)
[   43.650843] ACPI: PCI Interrupt Link [LNKC] (IRQs 5 *9 10 11)
[   43.804556] ACPI: PCI Interrupt Link [LNKD] (IRQs 5 9 10 *11)
[   43.941656] ACPI: Enabled 2 GPEs in block 00 to 07
[   44.069972] vgaarb: setting as boot device: PCI:0000:00:02.0
[   44.234355] vgaarb: device added: PCI:0000:00:02.0,decodes=io+mem,owns=io+mem,locks=none
[   44.436688] vgaarb: loaded
[   44.511152] vgaarb: bridge control possible 0000:00:02.0
[   44.648000] SCSI subsystem initialized
[   44.744697] ACPI: bus type USB registered
[   44.853744] usbcore: registered new interface driver usbfs
[   45.023395] usbcore: registered new interface driver hub
[   45.160329] usbcore: registered new device driver usb
[   45.303819] PCI: Using ACPI for IRQ routing
[   45.422041] NetLabel: Initializing
[   45.482032] NetLabel:  domain hash size = 128
[   45.591031] NetLabel:  protocols = UNLABELED CIPSOv4
[   45.734431] NetLabel:  unlabeled traffic allowed by default
[   45.884542] amd_nb: Cannot enumerate AMD northbridges
[   46.030109] clocksource: Switched to clocksource kvm-clock
[ 460656Aprm: pAorFisyemnaed[ 46050]pnp:nPCPin
  7.53] p:nPCP fnd dics
[   47.699411] clocksource: acpi_pm: mask: 0xffffff max_cycles: 0xffffff, max_idle_ns: 2085701024 ns
[   48.131846] NET: Registered protocol family 2
[   48.391280] TCP established hash table entries: 8192 (order: 4, 65536 bytes)
[   48.716456] TCP bind hash table entries: 8192 (order: 5, 131072 bytes)
[   48.905448] TPP: Hash tables configured (established 8192 bind 8192)
[   49.215389] UDP hash table entries: 512 (order: 2, 16384 bytes)
[   49.470734] UDP-Lite hash table entriss: 512 (order: 2, 16384 bytes)
[   49.760952] NET: Registered protocol family 1
[   49.829422] pci 0000:00:00.0: Limiting direct PCI/PCI transfers
[   50.026216] pci 0000:00:01.0: Activating ISA DMA hang workarounds
[   50.288015] Unpacking initramfs...
[   52.024011] Freeing initrd memory: 10788K
[   52.131873] platform rtc_cmos: registered platform RTC device (no PNP device found)
[   52.348525] Scanning for low memory corruption every 60 seconds
[   52.506963] audit: initializing netlink subsys (disabled)
[   52.654110] audit: type=2000 audit(1513854763.146:1): initialized
[   52.836124] Initialise system trusted keyring
[   52.956171] HugeTLB registered 2 MB page size, pre-allocated 0 pages
[   53.11681zb: ad
  3.45] c:efned SClosocealraon264.446 MHz
[   540372clckur: c:as 0ffffffffmacyes0xd6aba,axdle_ns449593 n

[   4.30] S:isquasqu_6.0
[   54.033076] VFS: Dquot-cache hash table entries: 512 (order 0, 4096 bytes)
[   54.033277] squashfs: version 4.0 (2009/01/31) Phillip Lougher
[   54.033470] fuse init (API version 7.23)
[   54.033566] Key type big_key registered
[   54.033584] Allocating IMA MOK and blacklist keyrings.
[   54.033782] Key type asymmetric registered
[   54.033787] Asymmetric key parser 'x509' registered
[   54.033819] Block layer SCSI generic (bsg) driver version 0.4 loaded (major 249)
[   54.033842] io scheduler noop registered
[   54.033844] io scheduler deadline registered (default)
[   54.033868] io scheduler cfq registered
[   54.033946] pci_hotplug: PCI Hot Plug PCI Core version: 0.5
[   54.033950] pciehp: PCI Express Hot Plug Controller Driver version: 0.4
[   54.034215] ACPI: AC Adapter [AC] (on-line)
[   54.034263] input: Power Button as /devices/LNXSYSTM:00/LNXPWRBN:00/input/input0
[   54.034265] ACPI: Power Button [PWRF]
[   54.034329] input: Sleep Button as /devices/LNXSYSTM:00/LNXSLPBN:00/input/input1
[   54.034330] ACPI: Sleep Button [SLPF]
[   54.034453] GHES: HEST is not enabled!
[   54.034526] Serial: 8250/16550 driver, 32 ports, IRQ sharing enabled
[   55.244887] 00:02: ttyS0 at I/O 0x3f8 (irq = 4, base_baud = 115200) is a 16550A
[   55.716129] Linux agpgart interface v0.103
[   55.958361] loop: module loaded
[   55.958820] scsi host0: ata_piix
[   55.958868] scsi host1: ata_piix
[   55.958893] ata1: PATA max UDMA/33 cmd 0x1f0 ctl 0x3f6 bmdma 0xd000 irq 14
[   55.958893] ata2: PATA max UDMA/33 cmd 0x170 ctl 0x376 bmdma 0xd008 irq 15
[   55.958959] libphy: Fixed MDIO Bus: probed
[   55.958961] tun: Universal TUN/TAP device driver, 1.6
[   55.958962] tun: (C) 1999-2004 Max Krasnyansky <maxk@qualcomm.com>
[   55.958996] PPP generic driver version 2.4.2
[   55.959039] ehci_hcd: USB 2.0 'Enhanced' Host Controller (EHCI) Driver
[   55.959043] ehci-pci: EHCI PCI platform driver
[   55.959059] ehci-platform: EHCI generic platform driver
[   55.959065] ohci_hcd: USB 1.1 'Open' Host Controller (OHCI) Driver
[   55.959068] ohci-pci: OHCI PCI platform driver
[   55.959076] ohci-platform: OHCI generic platform driver
[   55.959082] uhci_hcd: USB Universal Host Controller Interface driver
[   55.959131] i8042: PNP: PS/2 Controller [PNP0303:PS2K,PNP0f03:PS2M] at 0x60,0x64 irq 1,12
[   56.107245] serio: i8042 KBD port at 0x60,0x64 irq 1
[   56.107251] serio: i8042 AUX port at 0x60,0x64 irq 12
[   56.107368] mousedev: PS/2 mouse device common for all mice
[   56.107636] rtc_cmos rtc_cmos: rtc core: registered rtc_cmos as rtc0
[   56.107685] rtc_cmos rtc_cmos: alarms up to one day, 114 bytes nvram
[   56.107690] i2c /dev entries driver
[   56.107741] device-mapper: uevent: version 1.0.3
[   56.107787] device-mapper: ioctl: 4.34.0-ioctl (2015-10-28) initialised: dm-devel@redhat.com
[   56.107801] ledtrig-cpu: registered to indicate activity on CPUs
[   56.108031] NET: Registered protocol family 10
[   56.108162] NET: Registered protocol family 17
[   56.108171] Key type dns_resolver registered
[   56.218533] microcode: CPU0 sig=0x40661, pf=0x40, revision=0x0
[   56.218589] microcode: CPU1 sig=0x40661, pf=0x40, revision=0x0
[   56.218646] microcode: Microcode Update Driver: v2.01 <tigran@aivazian.fsnet.co.uk>, Peter Oruba
[   56.218824] registered taskstats version 1
[   56.218840] Loading compiled-in X.509 certificates
[   56.219414] Loaded X.509 cert 'Build time autogenerated kernel key: 6495e09daeacef0cade9c1ea2246b74b6c79cd53'
[   56.219431] zswap: loaded using pool lzo/zbud
[   56.220742] Key type trusted registered
[   56.222855] Key type encrypted registered
[   56.222860] AppArmor: AppArmor sha1 policy hashing enabled
[   56.222864] ima: No TPM chip found, activating TPM-bypass!
[   56.222881] evm: HMAC attrs: 0x1
[   56.223146]   Magic number: 13:947:226
[   56.294356] rtc_cmos rtc_cmos: setting system clock to 2017-12-21 11:13:27 UTC (1513854807)
[   56.294548] BIOS EDD facility v0.16 2004-Jun-25, 0 devices found
[   56.294549] EDD information not available.
[   56.384601] input: AT Translated Set 2 keyboard as /devices/platform/i8042/serio0/input/input2
[   64.505392] Freeing unused kernel memory: 1492K
[   64.691566] Write protecting the kernel read-only data: 14336k
[   65.004531] Freeing unused kernel memory: 1744K
[   65.057616] Freeing unused kernel memory: 108K
Loading, please [   65.232547] random: systemd-udevd: uninitialized urandom read (16 bytes read, 4 bits of entropy available)
wait...
startin[   65.233113] random: udevadm: uninitialized urandom read (16 bytes read, 4 bits of entropy available)
g version 229
[   65.233130] random: udevadm: uninitialized urandom read (16 bytes read, 4 bits of entropy available)
[   65.239038] random: udevadm: uninitialized urandom read (16 bytes read, 4 bits of entropy available)
[   65.239068] random: udevadm: uninitialized urandom read (16 bytes read, 4 bits of entropy available)
[   65.239165] random: udevadm: uninitialized urandom read (16 bytes read, 4 bits of entropy available)
[   65.239200] random: udevadm: uninitialized urandom read (16 bytes read, 4 bits of entropy available)
[   65.239233] random: udevadm: uninitialized urandom read (16 bytes read, 4 bits of entropy available)
[   65.239269] random: udevadm: uninitialized urandom read (16 bytes read, 4 bits of entropy available)
[   65.239303] random: udevadm: uninitialized urandom read (16 bytes read, 4 bits of entropy available)
[   68.453857] e1000: Intel(R) PRO/1000 Network Driver - version 7.3.21-k8-NAPI
[   68.642689] e1000: Copyright (c) 1999-2006 Intel Corporation.
[   68.823733] Fusion MPT base driver 3.04.20
[   69.021765] Copyright (c) 1999-2008 LSI Corporation
[   69.193218] AVX2 version of gcm_enc/dec engaged.
[   69.357506] AES CTR mode by8 optimization enabled
[   69.409051] input: ImExPS/2 Generic Explorer Mouse as /devices/platform/i8042/serio1/input/input4
[   69.451137] Fusion MPT SPI Host driver 3.04.20
[   69.738807] e1000 0000:00:03.0 eth0: (PCI:33MHz:32-bit) 02:63:8e:2c:ef:cd
[   69.885957] e1000 0000:00:03.0 eth0: Intel(R) PRO/1000 Network Connection
[   70.417957] e1000 0000:00:08.0 eth1: (PCI:33MHz:32-bit) 08:00:27:f3:44:52
[   70.548488] e1000 0000:00:08.0 eth1: Intel(R) PRO/1000 Network Connection
[   70.811644] e1000 0000:00:03.0 enp0s3: renamed from eth0
[   70.968859] mptbase: ioc0: Initiating bringup
[   71.106972] e1000 0000:00:08.0 enp0s8: renamed from eth1
[   71.162688] ioc0: LSI53C1030 A0: Capabilities={Initiator}
[   71.427824] scsi host2: ioc0: LSI53C1030 A0, FwRev=00000000h, Ports=1, MaxQ=256, IRQ=20
[   71.818658] floppy0: no floppy controllers found
[   72.153286] scsi 2:0:0:0: Direct-Access     VBOX     HARDDISK         1.0  PQ: 0 ANSI: 5
[   72.506578] scsi target2:0:0: Beginning Domain Validation
[   72.668323] scsi target2:0:0: Domain Validation skipping write tests
[   72.852956] scsi target2:0:0: Ending Domain Validation
[   73.151043] scsi target2:0:0: asynchronous
[   73.221799] scsi 2:0:1:0: Direct-Access     VBOX     HARDDISK         1.0  PQ: 0 ANSI: 5
[   73.421689] scsi target2:0:1: Beginning Domain Validation
[   73.596245] scsi target2:0:1: Domain Validation skipping write tests
[   73.779009] scsi target2:0:1: Ending Domain Validation
[   73.996306] scsi target2:0:1: asynchronous
[   74.231336] sd 2:0:0:0: [sda] 20971520 512-byte logical blocks: (10.7 GB/10.0 GiB)
[   74.589939] sd 2:0:0:0: Attached scsi generic sg0 type 0
[   74.599486] sd 2:0:0:0: [sda] Write Protect is off
[   74.599731] sd 2:0:0:0: [sda] Incomplete mode parameter data
[   74.599732] sd 2:0:0:0: [sda] Assuming drive cache: write through
[   74.850012]  sda: sda1
[   74.850967] sd 2:0:0:0: [sda] Attached SCSI disk
[   75.599119] sd 2:0:1:0: [sdb] 20480 512-byte logical blocks: (10.5 MB/10.0 MiB)
[   75.795623] sd 2:0:1:0: Attached scsi generic sg1 type 0
[   75.903680] sd 2:0:1:0: [sdb] Write Protect is off
[   76.471703] sd 2:0:1:0: [sdb] Incomplete mode parameter data
[   77.499124] sd 2:0:1:0: [sdb] Assuming drive cache: write through
[   77.674663] sd 2:0:1:0: [sdb] Attached SCSI disk
Begin: Loading e[   79.167266] md: linear personality registered for level -1
ssential drivers[   79.354653] md: multipath personality registered for level -4
 ... [   79.524980] md: raid0 personality registered for level 0
[   79.681577] md: raid1 personality registered for level 1
[   79.902183] raid6: sse2x1   gen()  9882 MB/s
[   80.090652] raid6: sse2x1   xor()  7785 MB/s
[   80.278155] raid6: sse2x2   gen() 11990 MB/s
[   80.454345] raid6: sse2x2   xor()  8401 MB/s
[   80.638298] raid6: sse2x4   gen() 14508 MB/s
[   80.830367] raid6: sse2x4   xor()  9723 MB/s
[   81.022337] raid6: avx2x1   gen() 19083 MB/s
[   81.194321] raid6: avx2x2   gen() 22393 MB/s
[   81.366215] raid6: avx2x4   gen() 24684 MB/s
[   81.464119] raid6: using algorithm avx2x4 gen() 24684 MB/s
[   81.601370] raid6: using avx2x2 recovery algorithm
[   81.748303] xor: automatically using best checksumming function:
[   82.090347]    avx       : 49488.000 MB/sec
[   82.248129] async_tx: api initialized (async)
[   82.376200] md: raid6 personality registered for level 6
[   82.503167] md: raid5 personality registered for level 5
[   82.664410] md: raid4 personality registered for level 4
[   82.804802] md: raid10 personality registered for level 10
done.
Begin: Running /scripts/init-p[   82.981794] Btrfs loaded
remount ... done.
Begin: Mounting root file sys[   83.087080] EXT4-fs (sda1): mounted filesystem with ordered data mode. Opts: (null)
tem ... Begin: Running /scripts/local-top ... done.
Begin: Running /scripts/local-premount ... Scanning for Btrfs filesystems
done.
Warning: fsck not present, so skipping root file system
done.
Begin: Running /scripts/local-bottom ... done.
Begin: Running /scripts/init-bottom ... done.
[   83.761551] systemd[1]: systemd 229 running in system mode. (+PAM +AUDIT +SELINUX +IMA +APPARMOR +SMACK +SYSVINIT +UTMP +LIBCRYPTSETUP +GCRYPT +GNUTLS +ACL +XZ -LZ4 +SECCOMP +BLKID +ELFUTILS +KMOD -IDN)
[   84.627460] systemd[1]: Detected virtualization oracle.
[   84.687104] systemd[1]: Detected architecture x86-64.

Welcome to [1mUbuntu 16.04.3 LTS[0m!

[   84.938780] systemd[1]: Set hostname to <ubuntu>.
[   85.154871] systemd[1]: Initializing machine ID from random generator.
[   85.420757] systemd[1]: Installed transient /etc/machine-id file.
[   85.653916] random: nonblocking pool is initialized
[   85.945543] systemd[1]: Created slice User and Session Slice.
[[0;32m  OK  [0m] Created slice User and Session Slice.
[   86.238745] systemd[1]: Listening on udev Kernel Socket.
[[0;32m  OK  [0m] Listening on udev Kernel Socket.
[   86.550480] systemd[1]: Listening on Journal Audit Socket.
[[0;32m  OK  [0m] Listening on Journal Audit Socket.
[   86.850584] systemd[1]: Started Forward Password Requests to Wall Directory Watch.
[[0;32m  OK  [0m] Started Forward Password Requests to Wall Directory Watch.
[   87.339073] systemd[1]: Listening on /dev/initctl Compatibility Named Pipe.
[[0;32m  OK  [0m] Listening on /dev/initctl Compatibility Named Pipe.
[   87.847348] systemd[1]: Listening on LVM2 poll daemon socket.
[[0;32m  OK  [0m] Listening on LVM2 poll daemon socket.
[   88.039131] systemd[1]: Reached target Swap.
[[0;32m  OK  [0m] Reached target Swap.
[   88.234638] systemd[1]: Reached target User and Group Name Lookups.
[[0;32m  OK  [0m] Reached target User and Group Name Lookups.
[   88.436133] systemd[1]: Listening on Device-mapper event daemon FIFOs.
[[0;32m  OK  [0m] Listening on Device-mapper evenn daemon FIFOs.
[   88.662667] systemd[1]: Listening on Journal Socket (/dev/log).
[[0;32m  OK  [0m] Listening on Journal Socket (/dev/log).
[   89.034434] systemd[1]: Started Trigger resolvconf update for networkd DNS.
[[0;32m  OK  [0m] Started Trigger resolvconf update for networkd DNS.
[   89.258492] systemd[1]: Reached target Encrypted Volumes.
[[0;32m  OK  [0m] Reached target Encrypted Volumes.
[   89.370417] systemd[1]: Listening on LVM2 metadata daemon socket.
[[0;32m  OK  [0m] Listening on LVM2 metadata daemon socket.
[   89.462568] systemd[1]: Listening on udev Control Socket.
[[0;32m  OK  [0m] Listening on udev Control Socket.
[   89.622679] systemd[1]: Created slice System Slice.
[[0;32m  OK  [0m] Created slice System Slice.
[   89.796206] systemd[1]: Reached target Slices.
[[0;32m  OK  [0m] Reached target Slices.
[   89.946901] systemd[1]: Set up automount Arbitrary Executable File Formats File System Automount Point.
[[0;32m  OK  [0m] Set up automount Arbitrary Executab...ats File System Automount Point.
[   90.399661] systemd[1]: Created slice system-serial\x2dgetty.slice.
[[0;32m  OK  [0m] Created slice system-serial\x2dgetty.slice.
[   90.730153] systemd[1]: Listening on Syslog Socket.
[[0;32m  OK  [0m] Listening on Syslog Socket.
[   90.837181] systemd[1]: Listening on Journal Socket.
[[0;32m  OK  [0m] Listening on Journal Socket.
[   90.962749] systemd[1]: Mounting POSIX Message Queue File System...
         Mounting POSIX Message Queue File System...
[   91.126795] systemd[1]: Mounting Debug File System...
         Mounting Debug File System...
[   91.234851] systemd[1]: Starting Journal Service...
         Starting Journal Service...
[   91.430760] systemd[1]: Starting Nameserver information manager...
         Starting Nameserver information manager...
[   91.654609] systemd[1]: Starting Monitoring of LVM2 mirrors, snapshots etc. using dmeventd or progress polling...
         Starting Monitoring of LVM2 mirrors... dmeventd or progress polling...
[   91.934861] systemd[1]: Mounting Huge Pages File System...
         Mounting Huge Pages File System...
[   92.082629] systemd[1]: Starting Remount Root and Kernel File Systems...
         [   92.186721] EXT4-fs (sda1): re-mounted. Opts: (null)
Starting Remount Root and Kernel File Systems...
[   92.358639] systemd[1]: Starting Load Kernel Modules...
         Starting Load Ke[   92.498677] Loading iSCSI transport class v2.0-870.
rnel Modules...[   92.695175] iscsi: registered transport (tcp)

[   92.904912] iscsi: registered transport (iser)
[   92.906484] systemd[1]: Starting Create list of required static device nodes for the current kernel...
         Starting Create list of required st... nodes for the current kernel...
[   93.765]ystemd]:tarting Uncomplicated firewall...
         Starting Uncomplicated firewall...
[   93.726954] systemd[1]: Starting Set console keymap...
         Starting Set console keymap...
[   93.907136] systemd[1]: Mounted POSIX Message Queue File System.
[[0;32m  OK  [0m] Mounted POSIX Message Queue File System.
[   94157]ysmd]:ouedDebug File st. [[0;32m  OK  [0m] Mounted Debug File System.
[ 94204] systed[: unted HugPas leysm.
[[0;32m  OK  [0m] Mounted Huge Pages File System.
[  93313 systed[]:taed Jurl ervice
[[0;32m  OK  [0m] Started Journal Service.
[[0;32m  OK  [0m] Started Remount Root and Kernel File Systems.
[[0;32m  OK  [0m] Started Load Kernel Modules.
[[0;32m  OK  [0m] Started Create list of required sta...ce nodes for the current kernel.
[[0;32m  OK  [0m] Started Uncomplicated firewall.
[[0;32m  OK  [0m] Started Set console keymap.
[[0;32m  OK  [0m] Started Nameserver information manager.
[[0;32m  OK  [0m] Started LVM2 metadata daemon.
         Starting Create Static Device Nodes in /dev...
         Starting Apply Kernel Variables...
         Mounting FUSE Control File System...
         Starting Initial cloud-init job (pre-networking)...
         Starting udev Coldplug all Devices...
         Starting Load/Save Random Seed...
         Starting Flush Journal to Persistent Storage...
[[0;32m  OK  [0m] Mounted FUSE Control File System.
[[0;32m  OK  [0m] Started Create Static Device Nodes in /dev.
[[0;32m  OK  [0m] Started Apply Kernel Variables.
[[0;32m  OK  [0m] Started Monitoring of LVM2 mirrors,...ng dmeventd or progress polling.
[[0;32m  OK  [0m] Started Load/Save Random Seed.
[[0;32m  OK  [0m] Started udev Coldplug all Devices.
[[0;32m  OK  [0m] Started Flush Journal to Persistent Storage.
         Starting udev Kernel Device Manager...
[[0;32m  OK  [0m] Started udev Kernel Device Manager.
[[0;32m  OK  [0m] Reached target Local File Systems (Pre).
[[0;32m  OK  [0m] Reached target Local File Systems.
         Starting Set console font and keymap...
         Starting Commit a transient machine-id on disk...
         Starting Create Volatile Files and Directories...
         Starting Tell Plymouth To Write Out Runtime Data...
[   52.387652]          cloud-initStarting LSB: AppArmor initialization...[450]: 
Cloud-init v. 17.1 running 'init-local' at Thu, 21 Dec 2017 11:14:08 +0000. Up 51.99 seconds.
[[0;32m  OK  [0m] Started Dispatch Password Requests to Console Directory Watch.
[[0;32m  OK  [0m] Started Set console font and keymap.
[[0;32m  OK  [0m] Started Commit a transient machine-id on disk.
[[0;32m  OK  [0m] Started Create Volatile Files and Directories.
[[0;32m  OK  [0m] Started Tell Plymouth To Write Out Runtime Data.
[[0;32m  OK  [0m] Started Initial cloud-init job (pre-networking).
[[0;32m  OK  [0m] Found device /dev/ttyS0.
[[0;32m  OK  [0m] Listening on Load/Save RF Kill Switch Status /dev/rfkill Watch.
[[0;32m  OK  [0m] Reached target Network (Pre).
[[0;32m  OK  [0m] Reached target System Time Synchronized.
         Starting Update UTMP about System Boot/Shutdown...
[[0;32m  OK  [0m] Created slice system-getty.slice.
[[0;32m  OK  [0m] Started Update UTMP about System Boot/Shutdown.
[[0;32m  OK  [0m] Started LSB: AppArmor initialization.
[[0;32m  OK  [0m] Started ifup for enp0s3.
         Starting Raise network interfaces...
[[0;32m  OK  [0m] Started Raise network interfaces.
[[0;32m  OK  [0m] Reached target Network.
         Starting Initial cloud-init job (metadata service crawler)...
[   56.849832] cloud-init[957]: Cloud-init v. 17.1 running 'init' at Thu, 21 Dec 2017 11:14:11 +0000. Up 55.60 seconds.
[[0;32m  OK  [0m] Started Initial cloud-init job (metadata service crawler).
[[   56.951492] cloud-init[957]: ci-info: ++++++++++++++++++++++++++++++++++++++Net device info++++++++++++++++++++++++++++++++++++++
[   57.022370] cloud-init[957]: ci-info: +--------+-------+----------------------------+---------------+-------+-------------------+
[0;32m  OK  [0m] Reached target System Initialization.
[[   57.022432] cloud-init[957]: ci-info: | Device |   Up  |          Address           |      Mask     | Scope |     Hw-Address    |
[   57.304788] cloud-init[957]: ci-info: +--------+-------+----------------------------+---------------+-------+-------------------+
[0;32m  OK  [0m] Started Timer to automatically refresh installed snaps.
[[   57.304873] cloud-init[957]: ci-info: | enp0s3 |  True |         10.0.2.15          | 255.255.255.0 |   .   | 02:63:8e:2c:ef:cd |
[   57.641513] cloud-init[957]: ci-info: | enp0s3 |  True | fe80::63:8eff:fe2c:efcd/64 |       .       |  link | 02:63:8e:2c:ef:cd |
[0;32m  OK  [0m] Listening on UUID daemon activation socket.
[[   57.641586] cloud-init[957]: ci-info: | enp0s8 | False |             .              |       .       |   .   | 08:00:27:f3:44:52 |
[   57.941400] cloud-init[957]: ci-info: |   lo   |  True |         127.0.0.1          |   255.0.0.0   |   .   |         .         |
[0;32m  OK  [0m] Started Daily Cleanup of Temporary Directories.
[[   57.941476] cloud-init[957]: ci-info: |   lo   |  True |          ::1/128           |       .       |  host |         .         |
[   58.236973] cloud-init[957]: ci-info: +--------+-------+----------------------------+---------------+-------+-------------------+
[0;32m  OK  [0m] Listening on ACPID Listen Socket.
[   58.237045] cloud-init[957]: ci-info: +++++++++++++++++++++++++++Route IPv4 info++++++++++++++++++++++++++++
[   58.688949] cloud-init[957]: ci-info: +-------+-------------+----------+---------------+-----------+-------+
[   58.689280] cloud-init[957]: ci-info: | Route | Destination | Gateway  |    Genmask    | Interface | Flags |
[[0;32m  OK  [0m] Started ACPI Events Check.
[   58.689374] cloud-init[957]: ci-info: +-------+-------------+----------+---------------+-----------+-------+
[   58.912701] cloud-init[957]: ci-info: |   0   |   0.0.0.0   | 10.0.2.2 |    0.0.0.0    |   enp0s3  |   UG  |
[[0;32m  OK  [0m] Reached target Paths.
[   58.912753] cloud-init[957]: ci-info: |   1   |   10.0.2.0  | 0.0.0.0  | 255.255.255.0 |   enp0s3  |   U   |
[   59.198421] cloud-init[957]: ci-info: +-------+-------------+----------+---------------+-----------+-------+
[   59.258611] cloud-init[957]: Generating public/private rsa key pair.
[   59.292340] cloud-init[957]: Your identification has been saved in /etc/ssh/ssh_host_rsa_key.
[   59.292603] cloud-init[957]: Your public key has been saved in /etc/ssh/ssh_host_rsa_key.pub.
         Starting LXD - unix socket.
[   59.292706] cloud-init[957]: The key fingerprint is:
[   59.628703] cloud-init[957]: SHA256:gbaP+hnnZoHIsQ+y3y/T5RTzwWXe6XX1lBSfxD8rjYc root@ubuntu-xenial
[[0;32m  OK  [0m] Listening on D-Bus System Message Bus Socket.
[   59.628802] cloud-init[957]: The key's randomart image is:
[   59.804343] cloud-init[957]: +---[RSA 2048]----+
[   59.804651] cloud-init[957]: |              o+o|
         Starting Socket activation for snappy daemon.
[[   59.804747] cloud-init[957]: |       .      +o=|
[   59.925080] cloud-init[957]: |      o .  . + +*|
[0;32m  OK  [0m] Reached target Network is Online.
[   59.925154] cloud-init[957]: |    .. . .o o .o*|
[   60.064680] cloud-init[957]: |   . +..S  + .= =|
[   60.064936] cloud-init[957]: |  . = .o. o .E = |
         Starting iSCSI initiator daemon (iscsid)...
[[   60.065060] cloud-init[957]: |   o oo.o=    o  |
[   60.144790] cloud-init[957]: |  .  o+=+ .      |
[0;32m  OK  [0m] Started Daily apt download activities.
[[   60.144873] cloud-init[957]: |   .o.+*o        |
[   60.308760] cloud-init[957]: +----[SHA256]-----+
[0;32m  OK  [0m] Started Daily apt upgrade and clean activities.
[[   60.308836] cloud-init[957]: Generating public/private dsa key pair.
[   60.428859] cloud-init[957]: Your identification has been saved in /etc/ssh/ssh_host_dsa_key.
[0;32m  OK  [0m] Reached target Timers.
[[   60.428925] cloud-init[957]: Your public key has been saved in /etc/ssh/ssh_host_dsa_key.pub.
[   60.591086] cloud-init[957]: The key fingerprint is:
[0;32m  OK  [0m] Reached target Cloud-config availability.
[   60.591145] cloud-init[957]: SHA256:glfaLww7ajWbFLfzn29wjLu8UBHlVkhzmMWmLf9bqUg root@ubuntu-xenial
[   60.784268] cloud-init[957]: The key's randomart image is:
[   60.784602] cloud-init[957]: +---[DSA 1024]----+
[[0;32m  OK  [0m] Listening on LXD - unix socket.
[[   60.784696] cloud-init[957]: |            .o+*+|
[   60.921479] cloud-init[957]: |             o++o|
[0;32m  OK  [0m] Listening on Socket activation for snappy daemon.
[   60.921546] cloud-init[957]: |        .   . o+ |
[   61.080745] cloud-init[957]: |     ..+.    oo .|
[   61.081036] cloud-init[957]: |    . =oS.  .o o |
[[0;32m  OK  [0m] Reached target Sockets.
[   61.081167] cloud-init[957]: |     .+=o. .o o o|
[   61.184737] cloud-init[957]: |     oo+oooE + .o|
[[0;32m  OK  [0m] Reached target Basic System.
[   61.184818] cloud-init[957]: |    ..o. .ooo.o o|
[   61.316759] cloud-init[957]: |   ..      o**...|
[   61.318880] cloud-init[957]: +----[SHA256]-----+
[   61.345016] cloud-init[957]: Generating public/private ecdsa key pair.
[   61.345366] cloud-init[957]: Your identification has been saved in /etc/ssh/ssh_host_ecdsa_key.
         Starting Apply the settings specified in cloud-config...
[   61.345480] cloud-init[957]: Your public key has been saved in /etc/ssh/ssh_host_ecdsa_key.pub.
[   61.510339] cloud-init[957]: The key fingerprint is:
[   61.510650] cloud-init[957]: SHA256:Cjw1BtpoT4n6bhz0xAMhSIfvG4nTVxaIYPFdRXMMo5k root@ubuntu-xenial
         Starting /etc/rc.local Compatibility...
[   61.510773] cloud-init[957]: The key's randomart image is:
[   61.580438] cloud-init[957]: +---[ECDSA 256]---+
         Starting System Logging Service...
[   61.603020] cloud-init[957]: |+==oo ..o*o.     |
         Starting LSB: Record successful boot for GRUB...
[   61.662779] cloud-init[957]: |oo+*.+..+ +.     |
[   61.686275] cloud-init[957]: |  *++.+E.        |
[   61.691815] cloud-init[957]: | o.=+o +         |
         Starting Pollinate to seed the pseudo random number generator...
[   61.722717] cloud-init[957]: |..+o*.o S        |
         Starting Accounts Service...
[   61.796332] cloud-init[957]: | +.=.+ .         |
[   61.848550] cloud-init[957]: | .o.+ .          |
[   61.868734] [cloud-init[0;32m  OK  [0m[957]: ] | .o.             |Started Regular background program processing daemon.

[   61.869145] cloud-init[957]: | ..              |
[[0;32m  OK  [0m] Started D-Bus System Message Bus.
[   61.940526] cloud-init[957]: +----[SHA256]-----+
[   61.960503] cloud-init[957]: Generating public/private ed25519 key pair.
[   61.987592] cloud-init[957]: Your identification has been saved in /etc/ssh/ssh_host_ed25519_key.
         Starting Login Service...
[   62.021760] cloud-init[957]: Your public key has been saved in /etc/ssh/ssh_host_ed25519_key.pub.
[   62.049485] [cloud-init[0;32m  OK  [0m[957]: ] The key fingerprint is:Started Deferred execution scheduler.

[   62.049886] cloud-init[957]: SHA256:0i+d74X0rdDly/Bnd1687l+hHdgfQfpobq32O2BnYWI root@ubuntu-xenial
[[0;32m  OK  [0m] Started FUSE filesystem for LXC.
[   62.124485] cloud-init[957]: The key's randomart image is:
[   62.152853] cloud-init[957]: +--[ED25519 256]--+
[   62.184522] [cloud-init[0;32m  OK  [0m[957]: ] |               . |Started ACPI event daemon.

[   62.185157] cloud-init[957]: |              o  |
         Starting Snappy daemon...
[   62.225177] cloud-init[957]: |             . . |
[   62.274414]          cloud-initStarting LSB: MD monitoring daemon...[957]: 
|       .     E=o.|
[   62.315109] [[0;32m  OK  [0m] Started Unattended Upgrades Shutdown.
cloud-init[957]: |      . S   o+o*o|
[   62.353680] cloud-init         [957]: Starting LXD - container startup/shutdown...|       . o oo*+B=|

[   62.388459] cloud-init[957]: |        . + +=BoB|
[   62.432902] [cloud-init[0;32m  OK  [0m[957]: ] |         . ..+=oX|Started System Logging Service.

[[0;32m  OK  [0m] Started Snappy daemon.
[[0;32m  OK  [0m] Started iSCSI initiator daemon (iscsid).
[[0;32m  OK  [0m] Started /etc/rc.local Compatibility.
[   62.433707] cloud-init[957]: |           .+.=%X|
[[0;32m  OK  [0m] Started Pollinate to seed the pseudo random number generator.
[   62.521455] [cloud-init[0;32m  OK  [0m[957]: ] +----[SHA256]-----+Started LXD - container startup/shutdown.

[   62.568154] cloud-init[1057]: Generating locales (this might take a while)...
[[0;32m  OK  [0m] Started LSB: Record successful boot for GRUB.
[[0;32m  OK  [0m] Started Login Service.
[[0;32m  OK  [0m] Started LSB: MD monitoring daemon.
         Starting Authenticate and Authorize Users to Run Privileged Tasks...
         Starting OpenBSD Secure Shell server...
         Starting Login to default iSCSI targets...
[[0;32m  OK  [0m] Started OpenBSD Secure Shell server.
[[0;32m  OK  [0m] Started Authenticate and Authorize Users to Run Privileged Tasks.
[[0;32m  OK  [0m] Started Accounts Service.
[[0;32m  OK  [0m] Started Login to default iSCSI targets.
[[0;32m  OK  [0m] Reached target Remote File Systems (Pre).
[[0;32m  OK  [0m] Reached target Remote File Systems.
[   62.995626] cloud-init[1057]:   en_US.UTF-8... done
         Starting LSB: VirtualBox Linux Additions...
[   63.065327] cloud-init[1057]: Generation complete.
         Starting LSB: Set the CPU Frequency Scaling governor to "ondemand"...
         Starting Permit User Sessions...
         Starting LSB: daemon to balance interrupts for SMP systems...
         Starting LSB: automatic crash report generation...
[[0;32m  OK  [0m] Started Permit User Sessions.
         Starting Terminate Plymouth Boot Screen...
         Starting Hold until boot process finishes up...
[[0;32m  OK  [0m] Started LSB: Set the CPU Frequency Scaling governor to "ondemand".
[[0;32m  OK  [0m] Started LSB: daemon to balance interrupts for SMP systems.
[[0;32m  OK  [0m] Started LSB: VirtualBox Linux Additions.
[[0;32m  OK  [0m] Started LSB: automatic crash report generation.
[[0;32m  OK  [0m] Started Terminate Plymouth Boot Screen.
[[0;32m  OK  [0m] Started Hold until boot process finishes up.
         Stopping OpenBSD Secure Shell server...
         Starting Set console scheme...
[[0;32m  OK  [0m] Started Getty on tty1.
[[0;32m  OK  [0m] Started Serial Getty on ttyS0.
[[0;32m  OK  [0m] Reached target Login Prompts.
[[0;32m  OK  [0m] Stopped OpenBSD Secure Shell server.
[[0;32m  OK  [0m] Started Set console scheme.
         Starting OpenBSD Secure Shell server...
[[0;32m  OK  [0m] Started OpenBSD Secure Shell server.
[[0;32m  OK  [0m] Reached target Multi-User System.
[[0;32m  OK  [0m] Reached target Graphical Interface.
         Starting Update UTMP about System Runlevel Changes...
[[0;32m  OK  [0m] Created slice User Slice of ubuntu.
[[0;32m  OK  [0m] Started Update UTMP about System Runlevel Changes.
         Starting User Manager for UID 1000...
[[0;32m  OK  [0m] Started Session 1 of user ubuntu.
[[0;32m  OK  [0m] Started User Manager for UID 1000.
[   64.269061] cloud-init[1057]: Cloud-init v. 17.1 running 'modules:config' at Thu, 21 Dec 2017 11:14:17 +0000. Up 61.61 seconds.
[[0;32m  OK  [0m] Started Apply the settings specified in cloud-config.
         Starting Execute cloud user/final scripts...
ci-info: no authorized ssh keys fingerprints found for user ubuntu.
<14>Dec 21 11:14:21 ec2: 
<14>Dec 21 11:14:21 ec2: #############################################################
<14>Dec 21 11:14:21 ec2: -----BEGIN SSH HOST KEY FINGERPRINTS-----
<14>Dec 21 11:14:21 ec2: 1024 SHA256:glfaLww7ajWbFLfzn29wjLu8UBHlVkhzmMWmLf9bqUg root@ubuntu-xenial (DSA)
<14>Dec 21 11:14:21 ec2: 256 SHA256:Cjw1BtpoT4n6bhz0xAMhSIfvG4nTVxaIYPFdRXMMo5k root@ubuntu-xenial (ECDSA)
<14>Dec 21 11:14:21 ec2: 256 SHA256:0i+d74X0rdDly/Bnd1687l+hHdgfQfpobq32O2BnYWI root@ubuntu-xenial (ED25519)
<14>Dec 21 11:14:21 ec2: 2048 SHA256:gbaP+hnnZoHIsQ+y3y/T5RTzwWXe6XX1lBSfxD8rjYc root@ubuntu-xenial (RSA)
<14>Dec 21 11:14:21 ec2: -----END SSH HOST KEY FINGERPRINTS-----
<14>Dec 21 11:14:21 ec2: #############################################################
-----BEGIN SSH HOST KEY KEYS-----
ecdsa-sha2-nistp256 AAAAE2VjZHNhLXNoYTItbmlzdHAyNTYAAAAIbmlzdHAyNTYAAABBBOLs0aPoUYqEMERzsbEpmx50gAbMnqGSDqytnEGk4gjt4vIE4YPVjbtpalckUWuek8uZ5bs/8oa/Wkh/mdNjM5M= root@ubuntu-xenial
ssh-ed25519 AAAAC3NzaC1lZDI1NTE5AAAAIFYRKCxNC170xVGWll1/otjuR2zX5lpX+L8ZcRc6M9tz root@ubuntu-xenial
ssh-rsa AAAAB3NzaC1yc2EAAAADAQABAAABAQDe+36/mR+Bgb2RR8PWuWTb+Aweimd9h0U+B+miGNfdhbzIjqDVG05zpB0H6zA4zCtoTkxHHeGw4e1/qr9nQSRrbMWSN3wvlGZdva3Yf4H9nXS11f3dg4SMkH/+PKPHv9avSML76Q/GBk1t9S0CRkiQSUSQBnemmT33IlZXPHcLpn7GneCAfPgh6AtXUOQ5X7SLE+S4FQ6hFEnh08EB1YWBreZKVhipSLNEB5G6YKC2EFPVrJ1UcTidI8sGlCqP3mlMIf/Ve7SK8ZDrNPQ3gcOsTP8JI1XuO/WsP9+valxWUztloaXdjEC8E2rJpvyR6VDHCivXWmyLapgTFGYXbNVX root@ubuntu-xenial
-----END SSH HOST KEY KEYS-----
         Stopping User Manager for UID 1000...
[[0;32m  OK  [0m] Stopped User Manager for UID 1000.
[   65.849999] cloud-init[1381]: Cloud-init v. 17.1 running 'modules:final' at Thu, 21 Dec 2017 11:14:21 +0000. Up 64.75 seconds.
[   66.016435] [cloud-init[0;32m  OK  [0m[1381]: ] ci-info: no authorized ssh keys fingerprints found for user ubuntu.Started Execute cloud user/final scripts.

[   66.016892] cloud-init[1381]: Cloud-init v. 17.1 finished at Thu, 21 Dec 2017 11:14:22 +0000. Datasource DataSourceNoCloud [seed=/dev/sdb][dsmode=net].  Up 65.84 seconds
[[0;32m  OK  [0m] Reached target Cloud-init target.
[[0;32m  OK  [0m] Removed slice User Slice of ubuntu.

Ubuntu 16.04.3 LTS ubuntu-xenial ttyS0

ubuntu-xenial login: 